2026/05/26 02:58:21 🔑 [Session Pool] Loaded 9 valid sessions successfully.
2026/05/26 02:58:21 🤖 [Solver] Loaded 500 instant trajectories.
2026/05/26 02:58:21 📚 [WI-OS Registry] Cataloged 5 active Skill Books into edge memory.
2026/05/26 02:58:21 🚀 Starting UltraSearch API Server on :8082
2026/05/26 02:58:21 🔥 [HTTP Search] Connection pre-warmed successfully.
2026/05/26 02:58:27 📡 API Request: q='find CEO of company 10K Used Gear from United Kingdom. respond only with JSON {"primaryContact": "CEO"}' limit=5 content=false aiMode=only showBrowser=false headless=true filters={Language:browser Country:browser Uule:browser SafeSearch:browser Tbs:browser}
2026/05/26 02:58:27    🔍 W0: 'find CEO of company 10K Used Gear from United Kingdom. respond only with JSON {"primaryContact": "CEO"}' -> Forcing browser search to fetch AI Overview (AI Mode: only)
2026/05/26 02:58:30    🔑 W0: Injecting session s_1779743617808527000 to bypass CAPTCHA...
2026/05/26 02:58:30    ⚠️ W0: Browser fallback hit CAPTCHA, failing immediately without solving.
2026/05/26 02:58:30    📸 W0: Saved CAPTCHA screenshot to blocked_W0_1779744510.png
2026/05/26 02:58:30 ⏱️ W0 Timings: Setup/Init Context = 2.599306458s | page.Navigate = 537.649292ms | DOM Polling = 0s | JS Evaluate = 0s
2026/05/26 02:58:30    🚫 W0: Evicting blocked session s_1779743617808527000 from pool.
2026/05/26 02:58:30 🚫 [Session Pool] Session s_1779743617808527000 marked as BLOCKED.
2026/05/26 02:58:30 💾 [Session Pool] Successfully saved updated pool of 8 sessions to solver/session_config.json
2026/05/26 02:58:30    ⚠️ W0: Attempt 1 failed (blocked_by_captcha). Retrying query 'find CEO of company 10K Used Gear from United Kingdom. respond only with JSON {"primaryContact": "CEO"}'...
2026/05/26 02:58:30    🔄 W0: Retrying query 'find CEO of company 10K Used Gear from United Kingdom. respond only with JSON {"primaryContact": "CEO"}' (Attempt 2/3) due to previous failure...
2026/05/26 02:58:34    🔑 W0: Injecting session s_1779743674072116000 to bypass CAPTCHA...
2026/05/26 02:58:37 ⏱️ W0 Timings: Setup/Init Context = 1.177947334s | page.Navigate = 192.924666ms | DOM Polling = 3.105499167s | JS Evaluate = 4.226792ms
2026/05/26 02:58:37 💾 [Session Pool] Successfully saved updated pool of 9 sessions to solver/session_config.json
2026/05/26 02:58:37 🛡️ [Vortex] Sanitizing Google AI Overview output via Go Security Gateway...

[Vortex Go Telemetry] Simulating cloud transmission (Opt-in Consent Active):
                       Log ID:           b8546de4-f2ff-c65b-3c71-a4848b95a77c
                       Raw Query:        'find CEO of company 10K Used Gear from United Kingdom. respond only with JSON {"primaryContact": "CEO"}'
                       Raw SGE Response: 92 bytes (No data stripping applied)
2026/05/26 02:58:37 🛡️ [Vortex] Sanitization complete. Verdict: SAFE
2026/05/26 02:58:37    ✅ W0: 'find CEO of company 10K Used Gear from United Kingdom. respond only with JSON {"primaryContact": "CEO"}' -> 1 results (content skipped/only-ai)
2026/05/26 02:58:37 
⚡ 1/1 queries in 9.8s
2026/05/26 02:58:37 
📊 TIER STATS:
2026/05/26 02:58:37 
⚡ FINAL: 1/1 queries, 0 URLs with content in 9.8s (9.8s/query)
2026/05/26 03:04:39 📡 API Request: q='companyName: 10K Used Gear | hqCountry: United Kingdom full name of the current CEO or Managing Director. Respond ONLY with a valid JSON object matching the requested attributes: {"primaryContact":"extracted full name of the current CEO or Managing Director"}. Ensure you return only raw JSON. Do not include markdown code block backticks (```) or introductory conversational text.' limit=5 content=false aiMode=only showBrowser=false headless=true filters={Language:browser Country:browser Uule:browser SafeSearch:browser Tbs:browser}
2026/05/26 03:04:39    🔍 W1: 'companyName: 10K Used Gear | hqCountry: United Kingdom full name of the current CEO or Managing Director. Respond ONLY with a valid JSON object matching the requested attributes: {"primaryContact":"extracted full name of the current CEO or Managing Director"}. Ensure you return only raw JSON. Do not include markdown code block backticks (```) or introductory conversational text.' -> Forcing browser search to fetch AI Overview (AI Mode: only)
2026/05/26 03:04:41    🔑 W1: Injecting session s_1779743674072116000 to bypass CAPTCHA...
2026/05/26 03:04:46 ⏱️ W1 Timings: Setup/Init Context = 2.242161875s | page.Navigate = 219.546209ms | DOM Polling = 4.224320209s | JS Evaluate = 15.008375ms
2026/05/26 03:04:46 💾 [Session Pool] Successfully saved updated pool of 10 sessions to solver/session_config.json
2026/05/26 03:04:46 🛡️ [Vortex] Sanitizing Google AI Overview output via Go Security Gateway...

[Vortex Go Telemetry] Simulating cloud transmission (Opt-in Consent Active):
                       Log ID:           45dc984e-a311-1123-52be-d70f28d780a2
                       Raw Query:        'companyName: 10K Used Gear | hqCountry: United Kingdom full name of the current CEO or Managing Director. Respond ONLY with a valid JSON object matching the requested attributes: {"primaryContact":"extracted full name of the current CEO or Managing Director"}. Ensure you return only raw JSON. Do not include markdown code block backticks (```) or introductory conversational text.'
                       Raw SGE Response: 101 bytes (No data stripping applied)
2026/05/26 03:04:46 🛡️ [Vortex] Sanitization complete. Verdict: SAFE
2026/05/26 03:04:46    ✅ W1: 'companyName: 10K Used Gear | hqCountry: United Kingdom full name of the current CEO or Managing Director. Respond ONLY with a valid JSON object matching the requested attributes: {"primaryContact":"extracted full name of the current CEO or Managing Director"}. Ensure you return only raw JSON. Do not include markdown code block backticks (```) or introductory conversational text.' -> 1 results (content skipped/only-ai)
2026/05/26 03:04:46 
⚡ 1/1 queries in 6.8s
2026/05/26 03:04:46 
📊 TIER STATS:
2026/05/26 03:04:46 
⚡ FINAL: 1/1 queries, 0 URLs with content in 6.8s (6.8s/query)
2026/05/26 03:04:54 📡 API Request: q='companyName: 10K Used Gear | hqCountry: United Kingdom full name of the current CEO or Managing Director. Respond ONLY with a valid JSON object matching the requested attributes: {"primaryContact":"extracted full name of the current CEO or Managing Director"}. Ensure you return only raw JSON. Do not include markdown code block backticks (```) or introductory conversational text.' limit=5 content=false aiMode=only showBrowser=false headless=true filters={Language:browser Country:browser Uule:browser SafeSearch:browser Tbs:browser}
2026/05/26 03:04:54    🔍 W1: 'companyName: 10K Used Gear | hqCountry: United Kingdom full name of the current CEO or Managing Director. Respond ONLY with a valid JSON object matching the requested attributes: {"primaryContact":"extracted full name of the current CEO or Managing Director"}. Ensure you return only raw JSON. Do not include markdown code block backticks (```) or introductory conversational text.' -> Forcing browser search to fetch AI Overview (AI Mode: only)
2026/05/26 03:04:55    🔑 W1: Injecting session s_1779743674072116000 to bypass CAPTCHA...
2026/05/26 03:04:59 ⏱️ W1 Timings: Setup/Init Context = 1.248006042s | page.Navigate = 207.939917ms | DOM Polling = 3.759865542s | JS Evaluate = 9.829667ms
2026/05/26 03:05:00 💾 [Session Pool] Successfully saved updated pool of 11 sessions to solver/session_config.json
2026/05/26 03:05:00 🛡️ [Vortex] Sanitizing Google AI Overview output via Go Security Gateway...

[Vortex Go Telemetry] Simulating cloud transmission (Opt-in Consent Active):
                       Log ID:           aa2a80e8-47e8-9d62-9eb5-9963e3332f34
                       Raw Query:        'companyName: 10K Used Gear | hqCountry: United Kingdom full name of the current CEO or Managing Director. Respond ONLY with a valid JSON object matching the requested attributes: {"primaryContact":"extracted full name of the current CEO or Managing Director"}. Ensure you return only raw JSON. Do not include markdown code block backticks (```) or introductory conversational text.'
                       Raw SGE Response: 101 bytes (No data stripping applied)
2026/05/26 03:05:00 🛡️ [Vortex] Sanitization complete. Verdict: SAFE
2026/05/26 03:05:00    ✅ W1: 'companyName: 10K Used Gear | hqCountry: United Kingdom full name of the current CEO or Managing Director. Respond ONLY with a valid JSON object matching the requested attributes: {"primaryContact":"extracted full name of the current CEO or Managing Director"}. Ensure you return only raw JSON. Do not include markdown code block backticks (```) or introductory conversational text.' -> 1 results (content skipped/only-ai)
2026/05/26 03:05:00 
⚡ 1/1 queries in 5.3s
2026/05/26 03:05:00 
📊 TIER STATS:
2026/05/26 03:05:00 
⚡ FINAL: 1/1 queries, 0 URLs with content in 5.3s (5.3s/query)
2026/05/26 03:05:23 📡 API Request: q='companyName: Archroma | hqCountry: Switzerland full name of the current CEO or Managing Director. Respond ONLY with a valid JSON object matching the requested attributes: {"primaryContact":"extracted full name of the current CEO or Managing Director"}. Ensure you return only raw JSON. Do not include markdown code block backticks (```) or introductory conversational text.' limit=5 content=false aiMode=only showBrowser=false headless=true filters={Language:browser Country:browser Uule:browser SafeSearch:browser Tbs:browser}
2026/05/26 03:05:23    🔍 W0: 'companyName: Archroma | hqCountry: Switzerland full name of the current CEO or Managing Director. Respond ONLY with a valid JSON object matching the requested attributes: {"primaryContact":"extracted full name of the current CEO or Managing Director"}. Ensure you return only raw JSON. Do not include markdown code block backticks (```) or introductory conversational text.' -> Forcing browser search to fetch AI Overview (AI Mode: only)
2026/05/26 03:05:24    🔑 W0: Injecting session s_1779743674072116000 to bypass CAPTCHA...
2026/05/26 03:05:28 ⏱️ W0 Timings: Setup/Init Context = 1.304463875s | page.Navigate = 230.119ms | DOM Polling = 3.52310075s | JS Evaluate = 4.8775ms
2026/05/26 03:05:28 💾 [Session Pool] Successfully saved updated pool of 12 sessions to solver/session_config.json
2026/05/26 03:05:28 🛡️ [Vortex] Sanitizing Google AI Overview output via Go Security Gateway...

[Vortex Go Telemetry] Simulating cloud transmission (Opt-in Consent Active):
                       Log ID:           62d7e548-648c-f27a-62a6-cdbf9fbb4e18
                       Raw Query:        'companyName: Archroma | hqCountry: Switzerland full name of the current CEO or Managing Director. Respond ONLY with a valid JSON object matching the requested attributes: {"primaryContact":"extracted full name of the current CEO or Managing Director"}. Ensure you return only raw JSON. Do not include markdown code block backticks (```) or introductory conversational text.'
                       Raw SGE Response: 96 bytes (No data stripping applied)
2026/05/26 03:05:28 🛡️ [Vortex] Sanitization complete. Verdict: SAFE
2026/05/26 03:05:28    ✅ W0: 'companyName: Archroma | hqCountry: Switzerland full name of the current CEO or Managing Director. Respond ONLY with a valid JSON object matching the requested attributes: {"primaryContact":"extracted full name of the current CEO or Managing Director"}. Ensure you return only raw JSON. Do not include markdown code block backticks (```) or introductory conversational text.' -> 1 results (content skipped/only-ai)
2026/05/26 03:05:28 
⚡ 1/1 queries in 5.2s
2026/05/26 03:05:28 
📊 TIER STATS:
2026/05/26 03:05:28 
⚡ FINAL: 1/1 queries, 0 URLs with content in 5.2s (5.2s/query)
2026/05/26 03:06:02 📡 API Request: q='companyName: Arctic Hydro | hqCountry: Iceland full name of the current CEO or Managing Director. Respond ONLY with a valid JSON object matching the requested attributes: {"primaryContact":"extracted full name of the current CEO or Managing Director"}. Ensure you return only raw JSON. Do not include markdown code block backticks (```) or introductory conversational text.' limit=5 content=false aiMode=only showBrowser=false headless=true filters={Language:browser Country:browser Uule:browser SafeSearch:browser Tbs:browser}
2026/05/26 03:06:02    🔍 W0: 'companyName: Arctic Hydro | hqCountry: Iceland full name of the current CEO or Managing Director. Respond ONLY with a valid JSON object matching the requested attributes: {"primaryContact":"extracted full name of the current CEO or Managing Director"}. Ensure you return only raw JSON. Do not include markdown code block backticks (```) or introductory conversational text.' -> Forcing browser search to fetch AI Overview (AI Mode: only)
2026/05/26 03:06:03    🔑 W0: Injecting session s_1779743674072116000 to bypass CAPTCHA...
2026/05/26 03:06:06 ⏱️ W0 Timings: Setup/Init Context = 1.188404333s | page.Navigate = 232.4505ms | DOM Polling = 2.976904959s | JS Evaluate = 10.748667ms
2026/05/26 03:06:07 💾 [Session Pool] Successfully saved updated pool of 13 sessions to solver/session_config.json
2026/05/26 03:06:07 🛡️ [Vortex] Sanitizing Google AI Overview output via Go Security Gateway...

[Vortex Go Telemetry] Simulating cloud transmission (Opt-in Consent Active):
                       Log ID:           c6a02821-0e5e-1c45-68a0-fa103bb1b5bc
                       Raw Query:        'companyName: Arctic Hydro | hqCountry: Iceland full name of the current CEO or Managing Director. Respond ONLY with a valid JSON object matching the requested attributes: {"primaryContact":"extracted full name of the current CEO or Managing Director"}. Ensure you return only raw JSON. Do not include markdown code block backticks (```) or introductory conversational text.'
                       Raw SGE Response: 108 bytes (No data stripping applied)
2026/05/26 03:06:07 🛡️ [Vortex] Sanitization complete. Verdict: SAFE
2026/05/26 03:06:07    ✅ W0: 'companyName: Arctic Hydro | hqCountry: Iceland full name of the current CEO or Managing Director. Respond ONLY with a valid JSON object matching the requested attributes: {"primaryContact":"extracted full name of the current CEO or Managing Director"}. Ensure you return only raw JSON. Do not include markdown code block backticks (```) or introductory conversational text.' -> 1 results (content skipped/only-ai)
2026/05/26 03:06:07 
⚡ 1/1 queries in 4.5s
2026/05/26 03:06:07 
📊 TIER STATS:
2026/05/26 03:06:07 
⚡ FINAL: 1/1 queries, 0 URLs with content in 4.5s (4.5s/query)
2026/05/26 03:06:48 📡 API Request: q='companyName: Åtvidabergs Sotning & Ventilationsservice | hqCountry: Sweden full name of the current CEO or Managing Director. Respond ONLY with a valid JSON object matching the requested attributes: {"primaryContact":"extracted full name of the current CEO or Managing Director"}. Ensure you return only raw JSON. Do not include markdown code block backticks (```) or introductory conversational text.' limit=5 content=false aiMode=only showBrowser=false headless=true filters={Language:browser Country:browser Uule:browser SafeSearch:browser Tbs:browser}
2026/05/26 03:06:48    🔍 W0: 'companyName: Åtvidabergs Sotning & Ventilationsservice | hqCountry: Sweden full name of the current CEO or Managing Director. Respond ONLY with a valid JSON object matching the requested attributes: {"primaryContact":"extracted full name of the current CEO or Managing Director"}. Ensure you return only raw JSON. Do not include markdown code block backticks (```) or introductory conversational text.' -> Forcing browser search to fetch AI Overview (AI Mode: only)
2026/05/26 03:06:50    🔑 W0: Injecting session s_1779743674072116000 to bypass CAPTCHA...
2026/05/26 03:06:51    ⚠️ W0: Browser fallback hit CAPTCHA, failing immediately without solving.
2026/05/26 03:06:51    📸 W0: Saved CAPTCHA screenshot to blocked_W0_1779745011.png
2026/05/26 03:06:51 ⏱️ W0 Timings: Setup/Init Context = 1.477638s | page.Navigate = 687.776167ms | DOM Polling = 0s | JS Evaluate = 0s
2026/05/26 03:06:51    🚫 W0: Evicting blocked session s_1779743674072116000 from pool.
2026/05/26 03:06:51 🚫 [Session Pool] Session s_1779743674072116000 marked as BLOCKED.
2026/05/26 03:06:51 💾 [Session Pool] Successfully saved updated pool of 12 sessions to solver/session_config.json
2026/05/26 03:06:51    ⚠️ W0: Attempt 1 failed (blocked_by_captcha). Retrying query 'companyName: Åtvidabergs Sotning & Ventilationsservice | hqCountry: Sweden full name of the current CEO or Managing Director. Respond ONLY with a valid JSON object matching the requested attributes: {"primaryContact":"extracted full name of the current CEO or Managing Director"}. Ensure you return only raw JSON. Do not include markdown code block backticks (```) or introductory conversational text.'...
2026/05/26 03:06:51    🔄 W0: Retrying query 'companyName: Åtvidabergs Sotning & Ventilationsservice | hqCountry: Sweden full name of the current CEO or Managing Director. Respond ONLY with a valid JSON object matching the requested attributes: {"primaryContact":"extracted full name of the current CEO or Managing Director"}. Ensure you return only raw JSON. Do not include markdown code block backticks (```) or introductory conversational text.' (Attempt 2/3) due to previous failure...
2026/05/26 03:06:54    🔑 W0: Injecting session s_1779743680878343000 to bypass CAPTCHA...
2026/05/26 03:06:55    ⚠️ W0: Browser fallback hit CAPTCHA, failing immediately without solving.
2026/05/26 03:06:55    📸 W0: Saved CAPTCHA screenshot to blocked_W0_1779745015.png
2026/05/26 03:06:55 ⏱️ W0 Timings: Setup/Init Context = 1.1452025s | page.Navigate = 622.155333ms | DOM Polling = 0s | JS Evaluate = 0s
2026/05/26 03:06:55    🚫 W0: Evicting blocked session s_1779743680878343000 from pool.
2026/05/26 03:06:55 🚫 [Session Pool] Session s_1779743680878343000 marked as BLOCKED.
2026/05/26 03:06:55 💾 [Session Pool] Successfully saved updated pool of 11 sessions to solver/session_config.json
2026/05/26 03:06:55    ⚠️ W0: Attempt 2 failed (blocked_by_captcha). Retrying query 'companyName: Åtvidabergs Sotning & Ventilationsservice | hqCountry: Sweden full name of the current CEO or Managing Director. Respond ONLY with a valid JSON object matching the requested attributes: {"primaryContact":"extracted full name of the current CEO or Managing Director"}. Ensure you return only raw JSON. Do not include markdown code block backticks (```) or introductory conversational text.'...
2026/05/26 03:06:55    🔄 W0: Retrying query 'companyName: Åtvidabergs Sotning & Ventilationsservice | hqCountry: Sweden full name of the current CEO or Managing Director. Respond ONLY with a valid JSON object matching the requested attributes: {"primaryContact":"extracted full name of the current CEO or Managing Director"}. Ensure you return only raw JSON. Do not include markdown code block backticks (```) or introductory conversational text.' (Attempt 3/3) due to previous failure...
2026/05/26 03:06:58    🔑 W0: Injecting session s_1779743719081552000 to bypass CAPTCHA...
2026/05/26 03:06:59    ⚠️ W0: Browser fallback hit CAPTCHA, failing immediately without solving.
2026/05/26 03:06:59    📸 W0: Saved CAPTCHA screenshot to blocked_W0_1779745019.png
2026/05/26 03:06:59 ⏱️ W0 Timings: Setup/Init Context = 1.212899041s | page.Navigate = 714.419709ms | DOM Polling = 0s | JS Evaluate = 0s
2026/05/26 03:06:59    🚫 W0: Evicting blocked session s_1779743719081552000 from pool.
2026/05/26 03:06:59 🚫 [Session Pool] Session s_1779743719081552000 marked as BLOCKED.
2026/05/26 03:06:59 💾 [Session Pool] Successfully saved updated pool of 10 sessions to solver/session_config.json
2026/05/26 03:06:59    ❌ W0: All 3 attempts failed. Last error: blocked_by_captcha
2026/05/26 03:06:59 
⚡ 0/1 queries in 10.3s
2026/05/26 03:06:59 
📊 TIER STATS:
2026/05/26 03:06:59 
⚡ FINAL: 0/1 queries, 0 URLs with content in 10.3s (10.3s/query)
2026/05/26 03:07:08 📡 API Request: q='companyName: Åtvidabergs Sotning & Ventilationsservice | hqCountry: Sweden full name of the current CEO or Managing Director. Respond ONLY with a valid JSON object matching the requested attributes: {"primaryContact":"extracted full name of the current CEO or Managing Director"}. Ensure you return only raw JSON. Do not include markdown code block backticks (```) or introductory conversational text.' limit=5 content=false aiMode=only showBrowser=false headless=true filters={Language:browser Country:browser Uule:browser SafeSearch:browser Tbs:browser}
2026/05/26 03:07:08    🔍 W1: 'companyName: Åtvidabergs Sotning & Ventilationsservice | hqCountry: Sweden full name of the current CEO or Managing Director. Respond ONLY with a valid JSON object matching the requested attributes: {"primaryContact":"extracted full name of the current CEO or Managing Director"}. Ensure you return only raw JSON. Do not include markdown code block backticks (```) or introductory conversational text.' -> Forcing browser search to fetch AI Overview (AI Mode: only)
2026/05/26 03:07:09    🔑 W1: Injecting session s_1779743847752350000 to bypass CAPTCHA...
2026/05/26 03:07:09    ⚠️ W1: Browser fallback hit CAPTCHA, failing immediately without solving.
2026/05/26 03:07:09    📸 W1: Saved CAPTCHA screenshot to blocked_W1_1779745029.png
2026/05/26 03:07:09 ⏱️ W1 Timings: Setup/Init Context = 1.1108125s | page.Navigate = 436.869625ms | DOM Polling = 0s | JS Evaluate = 0s
2026/05/26 03:07:09    🚫 W1: Evicting blocked session s_1779743847752350000 from pool.
2026/05/26 03:07:09 🚫 [Session Pool] Session s_1779743847752350000 marked as BLOCKED.
2026/05/26 03:07:09 💾 [Session Pool] Successfully saved updated pool of 9 sessions to solver/session_config.json
2026/05/26 03:07:09    ⚠️ W1: Attempt 1 failed (blocked_by_captcha). Retrying query 'companyName: Åtvidabergs Sotning & Ventilationsservice | hqCountry: Sweden full name of the current CEO or Managing Director. Respond ONLY with a valid JSON object matching the requested attributes: {"primaryContact":"extracted full name of the current CEO or Managing Director"}. Ensure you return only raw JSON. Do not include markdown code block backticks (```) or introductory conversational text.'...
2026/05/26 03:07:09    🔄 W1: Retrying query 'companyName: Åtvidabergs Sotning & Ventilationsservice | hqCountry: Sweden full name of the current CEO or Managing Director. Respond ONLY with a valid JSON object matching the requested attributes: {"primaryContact":"extracted full name of the current CEO or Managing Director"}. Ensure you return only raw JSON. Do not include markdown code block backticks (```) or introductory conversational text.' (Attempt 2/3) due to previous failure...
2026/05/26 03:07:12    🔑 W1: Injecting session s_1779743855181009000 to bypass CAPTCHA...
2026/05/26 03:07:13    ⚠️ W1: Browser fallback hit CAPTCHA, failing immediately without solving.
2026/05/26 03:07:13    📸 W1: Saved CAPTCHA screenshot to blocked_W1_1779745033.png
2026/05/26 03:07:13 ⏱️ W1 Timings: Setup/Init Context = 1.217366708s | page.Navigate = 884.491167ms | DOM Polling = 0s | JS Evaluate = 0s
2026/05/26 03:07:13    🚫 W1: Evicting blocked session s_1779743855181009000 from pool.
2026/05/26 03:07:13 🚫 [Session Pool] Session s_1779743855181009000 marked as BLOCKED.
2026/05/26 03:07:13 💾 [Session Pool] Successfully saved updated pool of 8 sessions to solver/session_config.json
2026/05/26 03:07:13    ⚠️ W1: Attempt 2 failed (blocked_by_captcha). Retrying query 'companyName: Åtvidabergs Sotning & Ventilationsservice | hqCountry: Sweden full name of the current CEO or Managing Director. Respond ONLY with a valid JSON object matching the requested attributes: {"primaryContact":"extracted full name of the current CEO or Managing Director"}. Ensure you return only raw JSON. Do not include markdown code block backticks (```) or introductory conversational text.'...
2026/05/26 03:07:13    🔄 W1: Retrying query 'companyName: Åtvidabergs Sotning & Ventilationsservice | hqCountry: Sweden full name of the current CEO or Managing Director. Respond ONLY with a valid JSON object matching the requested attributes: {"primaryContact":"extracted full name of the current CEO or Managing Director"}. Ensure you return only raw JSON. Do not include markdown code block backticks (```) or introductory conversational text.' (Attempt 3/3) due to previous failure...
2026/05/26 03:07:17    🔑 W1: Injecting session s_1779743861526046000 to bypass CAPTCHA...
2026/05/26 03:07:17    ⚠️ W1: Browser fallback hit CAPTCHA, failing immediately without solving.
2026/05/26 03:07:17    📸 W1: Saved CAPTCHA screenshot to blocked_W1_1779745037.png
2026/05/26 03:07:17 ⏱️ W1 Timings: Setup/Init Context = 1.21007925s | page.Navigate = 484.464333ms | DOM Polling = 0s | JS Evaluate = 0s
2026/05/26 03:07:17    🚫 W1: Evicting blocked session s_1779743861526046000 from pool.
2026/05/26 03:07:17 🚫 [Session Pool] Session s_1779743861526046000 marked as BLOCKED.
2026/05/26 03:07:17 💾 [Session Pool] Successfully saved updated pool of 7 sessions to solver/session_config.json
2026/05/26 03:07:17    ❌ W1: All 3 attempts failed. Last error: blocked_by_captcha
2026/05/26 03:07:17 
⚡ 0/1 queries in 9.7s
2026/05/26 03:07:17 
📊 TIER STATS:
2026/05/26 03:07:17 
⚡ FINAL: 0/1 queries, 0 URLs with content in 9.7s (9.7s/query)
2026/05/26 03:07:32 📡 API Request: q='companyName: Bäckebrons Sågverk | hqCountry: Sweden full name of the current CEO or Managing Director. Respond ONLY with a valid JSON object matching the requested attributes: {"primaryContact":"extracted full name of the current CEO or Managing Director"}. Ensure you return only raw JSON. Do not include markdown code block backticks (```) or introductory conversational text.' limit=5 content=false aiMode=only showBrowser=false headless=true filters={Language:browser Country:browser Uule:browser SafeSearch:browser Tbs:browser}
2026/05/26 03:07:32    🔍 W0: 'companyName: Bäckebrons Sågverk | hqCountry: Sweden full name of the current CEO or Managing Director. Respond ONLY with a valid JSON object matching the requested attributes: {"primaryContact":"extracted full name of the current CEO or Managing Director"}. Ensure you return only raw JSON. Do not include markdown code block backticks (```) or introductory conversational text.' -> Forcing browser search to fetch AI Overview (AI Mode: only)
2026/05/26 03:07:33    🔑 W0: Injecting session s_1779743871821971000 to bypass CAPTCHA...
2026/05/26 03:07:34    ⚠️ W0: Browser fallback hit CAPTCHA, failing immediately without solving.
2026/05/26 03:07:34    📸 W0: Saved CAPTCHA screenshot to blocked_W0_1779745054.png
2026/05/26 03:07:34 ⏱️ W0 Timings: Setup/Init Context = 1.080823625s | page.Navigate = 969.232416ms | DOM Polling = 0s | JS Evaluate = 0s
2026/05/26 03:07:34    🚫 W0: Evicting blocked session s_1779743871821971000 from pool.
2026/05/26 03:07:34 🚫 [Session Pool] Session s_1779743871821971000 marked as BLOCKED.
2026/05/26 03:07:34 💾 [Session Pool] Successfully saved updated pool of 6 sessions to solver/session_config.json
2026/05/26 03:07:34    ⚠️ W0: Attempt 1 failed (blocked_by_captcha). Retrying query 'companyName: Bäckebrons Sågverk | hqCountry: Sweden full name of the current CEO or Managing Director. Respond ONLY with a valid JSON object matching the requested attributes: {"primaryContact":"extracted full name of the current CEO or Managing Director"}. Ensure you return only raw JSON. Do not include markdown code block backticks (```) or introductory conversational text.'...
2026/05/26 03:07:34    🔄 W0: Retrying query 'companyName: Bäckebrons Sågverk | hqCountry: Sweden full name of the current CEO or Managing Director. Respond ONLY with a valid JSON object matching the requested attributes: {"primaryContact":"extracted full name of the current CEO or Managing Director"}. Ensure you return only raw JSON. Do not include markdown code block backticks (```) or introductory conversational text.' (Attempt 2/3) due to previous failure...
2026/05/26 03:07:37    🔑 W0: Injecting session s_1779743883849193000 to bypass CAPTCHA...
2026/05/26 03:07:38    ⚠️ W0: Browser fallback hit CAPTCHA, failing immediately without solving.
2026/05/26 03:07:38    📸 W0: Saved CAPTCHA screenshot to blocked_W0_1779745058.png
2026/05/26 03:07:38 ⏱️ W0 Timings: Setup/Init Context = 1.206024416s | page.Navigate = 505.909417ms | DOM Polling = 0s | JS Evaluate = 0s
2026/05/26 03:07:38    🚫 W0: Evicting blocked session s_1779743883849193000 from pool.
2026/05/26 03:07:38 🚫 [Session Pool] Session s_1779743883849193000 marked as BLOCKED.
2026/05/26 03:07:38 💾 [Session Pool] Successfully saved updated pool of 5 sessions to solver/session_config.json
2026/05/26 03:07:38    ⚠️ W0: Attempt 2 failed (blocked_by_captcha). Retrying query 'companyName: Bäckebrons Sågverk | hqCountry: Sweden full name of the current CEO or Managing Director. Respond ONLY with a valid JSON object matching the requested attributes: {"primaryContact":"extracted full name of the current CEO or Managing Director"}. Ensure you return only raw JSON. Do not include markdown code block backticks (```) or introductory conversational text.'...
2026/05/26 03:07:38    🔄 W0: Retrying query 'companyName: Bäckebrons Sågverk | hqCountry: Sweden full name of the current CEO or Managing Director. Respond ONLY with a valid JSON object matching the requested attributes: {"primaryContact":"extracted full name of the current CEO or Managing Director"}. Ensure you return only raw JSON. Do not include markdown code block backticks (```) or introductory conversational text.' (Attempt 3/3) due to previous failure...
2026/05/26 03:07:41    🔑 W0: Injecting session s_1779744517396025000 to bypass CAPTCHA...
2026/05/26 03:07:42    ⚠️ W0: Browser fallback hit CAPTCHA, failing immediately without solving.
2026/05/26 03:07:42    📸 W0: Saved CAPTCHA screenshot to blocked_W0_1779745062.png
2026/05/26 03:07:42 ⏱️ W0 Timings: Setup/Init Context = 1.090270542s | page.Navigate = 643.503917ms | DOM Polling = 0s | JS Evaluate = 0s
2026/05/26 03:07:42    🚫 W0: Evicting blocked session s_1779744517396025000 from pool.
2026/05/26 03:07:42 🚫 [Session Pool] Session s_1779744517396025000 marked as BLOCKED.
2026/05/26 03:07:42 💾 [Session Pool] Successfully saved updated pool of 4 sessions to solver/session_config.json
2026/05/26 03:07:42    ❌ W0: All 3 attempts failed. Last error: blocked_by_captcha
2026/05/26 03:07:42 
⚡ 0/1 queries in 9.9s
2026/05/26 03:07:42 
📊 TIER STATS:
2026/05/26 03:07:42 
⚡ FINAL: 0/1 queries, 0 URLs with content in 9.9s (9.9s/query)
2026/05/26 03:07:42 🔄 [Session Pool] Replenishing session pool: active=4, target=5, launching 1 parallel browsers...
2026/05/26 03:07:43 🌐 [Global Browser] Started global browser context successfully.
2026/05/26 03:07:43 🔑 [Replenish W0] Spawning isolated browser tab...
2026/05/26 03:07:45 💾 [Session Pool] Successfully saved updated pool of 5 sessions to solver/session_config.json
2026/05/26 03:07:45 🎉 [Replenish W0] Successfully captured and added session s_1779745065072219000
2026/05/26 03:07:45 🔄 [Session Pool] Replenishment complete. Active session count: 5
2026/05/26 04:53:10 📡 API Request: q='find CEO of company Accor from France' limit=5 content=false aiMode=only showBrowser=false headless=true filters={Language:browser Country:browser Uule:browser SafeSearch:browser Tbs:browser}
2026/05/26 04:53:10    🔍 W0: 'find CEO of company Accor from France' -> Forcing browser search to fetch AI Overview (AI Mode: only)
2026/05/26 04:53:13    🔑 W0: Injecting session s_1779744886197826000 to bypass CAPTCHA...
2026/05/26 04:53:17 ⏱️ W0 Timings: Setup/Init Context = 2.363833125s | page.Navigate = 172.947708ms | DOM Polling = 4.433416834s | JS Evaluate = 4.502458ms
2026/05/26 04:53:17 💾 [Session Pool] Successfully saved updated pool of 6 sessions to solver/session_config.json
2026/05/26 04:53:17 🛡️ [Vortex] Sanitizing Google AI Overview output via Go Security Gateway...

[Vortex Go Telemetry] Simulating cloud transmission (Opt-in Consent Active):
                       Log ID:           ca972569-53b6-e091-23b1-5d478f5c0857
                       Raw Query:        'find CEO of company Accor from France'
                       Raw SGE Response: 466 bytes (No data stripping applied)
2026/05/26 04:53:17 🛡️ [Vortex] Sanitization complete. Verdict: NO_JSON_FOUND
2026/05/26 04:53:17    ✅ W0: 'find CEO of company Accor from France' -> 1 results (content skipped/only-ai)
2026/05/26 04:53:17 
⚡ 1/1 queries in 7.1s
2026/05/26 04:53:17 
📊 TIER STATS:
2026/05/26 04:53:17 
⚡ FINAL: 1/1 queries, 0 URLs with content in 7.1s (7.1s/query)
